<?xml version="1.0" encoding="UTF-8"?>
<robot generator="Robot 3.0.3 (Python 3.6.4 on darwin)" generated="20180511 16:10:00.752">
<suite id="s1" name="web测试项目1213" source="/Users/lyy/Documents/projects/AutoLine/logs/1/19/testcase.robot">
<kw name="Set Screenshot Directory" library="Screenshot" type="setup">
<doc>Sets the directory where screenshots are saved.</doc>
<arguments>
<arg>/Users/lyy/Documents/projects/AutoLine/logs/1/19/images</arg>
</arguments>
<status status="PASS" starttime="20180511 16:10:01.290" endtime="20180511 16:10:01.291"></status>
</kw>
<test id="s1-t1" name="1-1 环境初始化.初始化selenium及浏览器环境">
<kw name="Open Browser" library="SeleniumLibrary">
<doc>Opens a new browser instance to the given ``url``.</doc>
<arguments>
<arg>${url}</arg>
<arg>${browser}</arg>
</arguments>
<msg timestamp="20180511 16:10:01.295" level="INFO">Opening browser 'Chrome' to base url 'http://www.baidu.com'.</msg>
<status status="PASS" starttime="20180511 16:10:01.294" endtime="20180511 16:10:04.187"></status>
</kw>
<kw name="Maximize Browser Window" library="SeleniumLibrary">
<doc>Maximizes current browser window.</doc>
<status status="PASS" starttime="20180511 16:10:04.188" endtime="20180511 16:10:04.407"></status>
</kw>
<kw name="Set Selenium Speed" library="SeleniumLibrary">
<doc>Sets the delay that is waited after each Selenium command.</doc>
<arguments>
<arg>${delay}</arg>
</arguments>
<status status="PASS" starttime="20180511 16:10:04.407" endtime="20180511 16:10:04.408"></status>
</kw>
<status status="PASS" starttime="20180511 16:10:01.292" endtime="20180511 16:10:04.408" critical="yes"></status>
</test>
<test id="s1-t2" name="2-2 百度搜索套件.百度搜索测试">
<kw name="Go To" library="SeleniumLibrary">
<doc>Navigates the active browser instance to the provided ``url``.</doc>
<arguments>
<arg>${url}</arg>
</arguments>
<msg timestamp="20180511 16:10:04.413" level="INFO">Opening url 'http://www.baidu.com'</msg>
<status status="PASS" starttime="20180511 16:10:04.413" endtime="20180511 16:10:06.615"></status>
</kw>
<kw name="Input Text" library="SeleniumLibrary">
<doc>Types the given ``text`` into text field identified by ``locator``.</doc>
<arguments>
<arg>${search_input}</arg>
<arg>${search_word}</arg>
</arguments>
<msg timestamp="20180511 16:10:06.616" level="INFO">Typing text '开源优测' into text field 'id=kw'.</msg>
<status status="PASS" starttime="20180511 16:10:06.615" endtime="20180511 16:10:12.775"></status>
</kw>
<kw name="Click Button" library="SeleniumLibrary">
<doc>Clicks button identified by ``locator``.</doc>
<arguments>
<arg>${search_btn}</arg>
</arguments>
<msg timestamp="20180511 16:10:12.776" level="INFO">Clicking button 'id=su'.</msg>
<status status="PASS" starttime="20180511 16:10:12.775" endtime="20180511 16:10:18.865"></status>
</kw>
<kw name="Take Screenshot" library="Screenshot">
<doc>Takes a screenshot in JPEG format and embeds it into the log file.</doc>
<msg timestamp="20180511 16:10:19.066" level="INFO" html="yes">&lt;a href="images/screenshot_1.jpg"&gt;&lt;img src="images/screenshot_1.jpg" width="800px"&gt;&lt;/a&gt;</msg>
<status status="PASS" starttime="20180511 16:10:18.866" endtime="20180511 16:10:19.066"></status>
</kw>
<status status="PASS" starttime="20180511 16:10:04.411" endtime="20180511 16:10:19.067" critical="yes"></status>
</test>
<test id="s1-t3" name="3-3 清理环境.清理测试环境">
<kw name="Close Browser" library="SeleniumLibrary">
<doc>Closes the current browser.</doc>
<status status="PASS" starttime="20180511 16:10:19.069" endtime="20180511 16:10:21.144"></status>
</kw>
<status status="PASS" starttime="20180511 16:10:19.068" endtime="20180511 16:10:21.144" critical="yes"></status>
</test>
<kw name="Close All Browsers" library="SeleniumLibrary" type="teardown">
<doc>Closes all open browsers and resets the browser cache.</doc>
<status status="PASS" starttime="20180511 16:10:21.146" endtime="20180511 16:10:21.146"></status>
</kw>
<status status="PASS" starttime="20180511 16:10:00.754" endtime="20180511 16:10:21.146"></status>
</suite>
<statistics>
<total>
<stat pass="3" fail="0">Critical Tests</stat>
<stat pass="3" fail="0">All Tests</stat>
</total>
<tag>
</tag>
<suite>
<stat pass="3" fail="0" id="s1" name="web测试项目1213">web测试项目1213</stat>
</suite>
</statistics>
<errors>
</errors>
</robot>
