<?xml version="1.0" encoding="UTF-8"?>
<robot generator="Robot 3.0.3 (Python 3.6.4 on darwin)" generated="20180511 14:30:00.511">
<suite id="s1" name="web测试项目1213" source="/Users/lyy/Documents/projects/AutoLine/logs/1/1/testcase.robot">
<kw name="Set Screenshot Directory" library="Screenshot" type="setup">
<doc>Sets the directory where screenshots are saved.</doc>
<arguments>
<arg>/Users/lyy/Documents/projects/AutoLine/logs/1/1/images</arg>
</arguments>
<status status="PASS" starttime="20180511 14:30:00.938" endtime="20180511 14:30:00.939"></status>
</kw>
<test id="s1-t1" name="1-1 环境初始化.初始化selenium及浏览器环境">
<kw name="Open Browser" library="SeleniumLibrary">
<doc>Opens a new browser instance to the given ``url``.</doc>
<arguments>
<arg>${url}</arg>
<arg>${browser}</arg>
</arguments>
<msg timestamp="20180511 14:30:00.942" level="INFO">Opening browser 'Chrome' to base url 'http://www.baidu.com'.</msg>
<status status="PASS" starttime="20180511 14:30:00.942" endtime="20180511 14:30:03.807"></status>
</kw>
<kw name="Maximize Browser Window" library="SeleniumLibrary">
<doc>Maximizes current browser window.</doc>
<status status="PASS" starttime="20180511 14:30:03.808" endtime="20180511 14:30:04.032"></status>
</kw>
<kw name="Set Selenium Speed" library="SeleniumLibrary">
<doc>Sets the delay that is waited after each Selenium command.</doc>
<arguments>
<arg>${delay}</arg>
</arguments>
<status status="PASS" starttime="20180511 14:30:04.033" endtime="20180511 14:30:04.033"></status>
</kw>
<status status="PASS" starttime="20180511 14:30:00.940" endtime="20180511 14:30:04.034" critical="yes"></status>
</test>
<test id="s1-t2" name="2-2 百度搜索套件.百度搜索测试">
<kw name="Go To" library="SeleniumLibrary">
<doc>Navigates the active browser instance to the provided ``url``.</doc>
<arguments>
<arg>${url}</arg>
</arguments>
<msg timestamp="20180511 14:30:04.037" level="INFO">Opening url 'http://www.baidu.com'</msg>
<status status="PASS" starttime="20180511 14:30:04.037" endtime="20180511 14:30:06.241"></status>
</kw>
<kw name="Input Text" library="SeleniumLibrary">
<doc>Types the given ``text`` into text field identified by ``locator``.</doc>
<arguments>
<arg>${search_input}</arg>
<arg>${search_word}</arg>
</arguments>
<msg timestamp="20180511 14:30:06.242" level="INFO">Typing text '开源优测' into text field 'id=kw'.</msg>
<status status="PASS" starttime="20180511 14:30:06.242" endtime="20180511 14:30:12.411"></status>
</kw>
<kw name="Click Button" library="SeleniumLibrary">
<doc>Clicks button identified by ``locator``.</doc>
<arguments>
<arg>${search_btn}</arg>
</arguments>
<msg timestamp="20180511 14:30:12.412" level="INFO">Clicking button 'id=su'.</msg>
<status status="PASS" starttime="20180511 14:30:12.412" endtime="20180511 14:30:18.518"></status>
</kw>
<kw name="Take Screenshot" library="Screenshot">
<doc>Takes a screenshot in JPEG format and embeds it into the log file.</doc>
<msg timestamp="20180511 14:30:18.767" level="INFO" html="yes">&lt;a href="images/screenshot_1.jpg"&gt;&lt;img src="images/screenshot_1.jpg" width="800px"&gt;&lt;/a&gt;</msg>
<status status="PASS" starttime="20180511 14:30:18.518" endtime="20180511 14:30:18.768"></status>
</kw>
<status status="PASS" starttime="20180511 14:30:04.035" endtime="20180511 14:30:18.768" critical="yes"></status>
</test>
<test id="s1-t3" name="3-3 清理环境.清理测试环境">
<kw name="Close Browser" library="SeleniumLibrary">
<doc>Closes the current browser.</doc>
<status status="PASS" starttime="20180511 14:30:18.771" endtime="20180511 14:30:20.846"></status>
</kw>
<status status="PASS" starttime="20180511 14:30:18.769" endtime="20180511 14:30:20.846" critical="yes"></status>
</test>
<kw name="Close All Browsers" library="SeleniumLibrary" type="teardown">
<doc>Closes all open browsers and resets the browser cache.</doc>
<status status="PASS" starttime="20180511 14:30:20.848" endtime="20180511 14:30:20.849"></status>
</kw>
<status status="PASS" starttime="20180511 14:30:00.513" endtime="20180511 14:30:20.849"></status>
</suite>
<statistics>
<total>
<stat pass="3" fail="0">Critical Tests</stat>
<stat pass="3" fail="0">All Tests</stat>
</total>
<tag>
</tag>
<suite>
<stat pass="3" fail="0" id="s1" name="web测试项目1213">web测试项目1213</stat>
</suite>
</statistics>
<errors>
</errors>
</robot>
