<?xml version="1.0" encoding="UTF-8"?>
<robot generator="Robot 3.0.3 (Python 3.6.4 on darwin)" generated="20180511 16:00:00.745">
<suite id="s1" name="web测试项目1213" source="/Users/lyy/Documents/projects/AutoLine/logs/1/16/testcase.robot">
<kw name="Set Screenshot Directory" library="Screenshot" type="setup">
<doc>Sets the directory where screenshots are saved.</doc>
<arguments>
<arg>/Users/lyy/Documents/projects/AutoLine/logs/1/16/images</arg>
</arguments>
<status status="PASS" starttime="20180511 16:00:01.323" endtime="20180511 16:00:01.324"></status>
</kw>
<test id="s1-t1" name="1-1 环境初始化.初始化selenium及浏览器环境">
<kw name="Open Browser" library="SeleniumLibrary">
<doc>Opens a new browser instance to the given ``url``.</doc>
<arguments>
<arg>${url}</arg>
<arg>${browser}</arg>
</arguments>
<msg timestamp="20180511 16:00:01.327" level="INFO">Opening browser 'Chrome' to base url 'http://www.baidu.com'.</msg>
<status status="PASS" starttime="20180511 16:00:01.327" endtime="20180511 16:00:04.601"></status>
</kw>
<kw name="Maximize Browser Window" library="SeleniumLibrary">
<doc>Maximizes current browser window.</doc>
<status status="PASS" starttime="20180511 16:00:04.602" endtime="20180511 16:00:04.824"></status>
</kw>
<kw name="Set Selenium Speed" library="SeleniumLibrary">
<doc>Sets the delay that is waited after each Selenium command.</doc>
<arguments>
<arg>${delay}</arg>
</arguments>
<status status="PASS" starttime="20180511 16:00:04.824" endtime="20180511 16:00:04.825"></status>
</kw>
<status status="PASS" starttime="20180511 16:00:01.325" endtime="20180511 16:00:04.825" critical="yes"></status>
</test>
<test id="s1-t2" name="2-2 百度搜索套件.百度搜索测试">
<kw name="Go To" library="SeleniumLibrary">
<doc>Navigates the active browser instance to the provided ``url``.</doc>
<arguments>
<arg>${url}</arg>
</arguments>
<msg timestamp="20180511 16:00:04.829" level="INFO">Opening url 'http://www.baidu.com'</msg>
<status status="PASS" starttime="20180511 16:00:04.828" endtime="20180511 16:00:07.090"></status>
</kw>
<kw name="Input Text" library="SeleniumLibrary">
<doc>Types the given ``text`` into text field identified by ``locator``.</doc>
<arguments>
<arg>${search_input}</arg>
<arg>${search_word}</arg>
</arguments>
<msg timestamp="20180511 16:00:07.091" level="INFO">Typing text '开源优测' into text field 'id=kw'.</msg>
<status status="PASS" starttime="20180511 16:00:07.090" endtime="20180511 16:00:13.273"></status>
</kw>
<kw name="Click Button" library="SeleniumLibrary">
<doc>Clicks button identified by ``locator``.</doc>
<arguments>
<arg>${search_btn}</arg>
</arguments>
<msg timestamp="20180511 16:00:13.274" level="INFO">Clicking button 'id=su'.</msg>
<status status="PASS" starttime="20180511 16:00:13.274" endtime="20180511 16:00:19.370"></status>
</kw>
<kw name="Take Screenshot" library="Screenshot">
<doc>Takes a screenshot in JPEG format and embeds it into the log file.</doc>
<msg timestamp="20180511 16:00:19.628" level="INFO" html="yes">&lt;a href="images/screenshot_1.jpg"&gt;&lt;img src="images/screenshot_1.jpg" width="800px"&gt;&lt;/a&gt;</msg>
<status status="PASS" starttime="20180511 16:00:19.371" endtime="20180511 16:00:19.629"></status>
</kw>
<status status="PASS" starttime="20180511 16:00:04.826" endtime="20180511 16:00:19.629" critical="yes"></status>
</test>
<test id="s1-t3" name="3-3 清理环境.清理测试环境">
<kw name="Close Browser" library="SeleniumLibrary">
<doc>Closes the current browser.</doc>
<status status="PASS" starttime="20180511 16:00:19.633" endtime="20180511 16:00:21.706"></status>
</kw>
<status status="PASS" starttime="20180511 16:00:19.631" endtime="20180511 16:00:21.707" critical="yes"></status>
</test>
<kw name="Close All Browsers" library="SeleniumLibrary" type="teardown">
<doc>Closes all open browsers and resets the browser cache.</doc>
<status status="PASS" starttime="20180511 16:00:21.708" endtime="20180511 16:00:21.709"></status>
</kw>
<status status="PASS" starttime="20180511 16:00:00.747" endtime="20180511 16:00:21.709"></status>
</suite>
<statistics>
<total>
<stat pass="3" fail="0">Critical Tests</stat>
<stat pass="3" fail="0">All Tests</stat>
</total>
<tag>
</tag>
<suite>
<stat pass="3" fail="0" id="s1" name="web测试项目1213">web测试项目1213</stat>
</suite>
</statistics>
<errors>
</errors>
</robot>
